# JRE version: Java(TM) SE Runtime Environment (17.0.3.1+2) (build 17.0.3.1+2-LTS-6)
# Java VM: Java HotSpot(TM) 64-Bit Server VM (17.0.3.1+2-LTS-6, mixed mode, sharing, tiered, compressed oops, compressed class ptrs, g1 gc, windows-amd64)
GC Precious Log:
 CPUs: 32 total, 32 available
 Memory: 16191M
 Large Page Support: Disabled
 NUMA Support: Disabled
 Compressed Oops: Enabled (Zero based)
 Heap Region Size: 2M
 Heap Min Capacity: 8M
 Heap Initial Capacity: 254M
 Heap Max Capacity: 4048M
 Pre-touch: Disabled
 Parallel Workers: 23
 Concurrent Workers: 6
 Concurrent Refinement Workers: 23
 Periodic GC: Disabled
Heap:
 garbage-first heap   total 567296K, used 441561K [0x0000000703000000, 0x0000000800000000)
  region size 2048K, 105 young (215040K), 14 survivors (28672K)
 Metaspace       used 92589K, committed 94272K, reserved 1130496K
  class space    used 13758K, committed 14528K, reserved 1048576K
GC Heap History (20 events):
Event: 6.943 GC heap after
{Heap after GC invocations=22 (full 0):
 garbage-first heap   total 325632K, used 152340K [0x0000000703000000, 0x0000000800000000)
  region size 2048K, 8 young (16384K), 8 survivors (16384K)
 Metaspace       used 50062K, committed 51392K, reserved 1097728K
  class space    used 6565K, committed 7168K, reserved 1048576K
}
Event: 7.579 GC heap before
{Heap before GC invocations=22 (full 0):
 garbage-first heap   total 325632K, used 262932K [0x0000000703000000, 0x0000000800000000)
  region size 2048K, 62 young (126976K), 8 survivors (16384K)
 Metaspace       used 55984K, committed 57344K, reserved 1105920K
  class space    used 7954K, committed 8576K, reserved 1048576K
}
Event: 7.586 GC heap after
{Heap after GC invocations=23 (full 0):
 garbage-first heap   total 667648K, used 162607K [0x0000000703000000, 0x0000000800000000)
  region size 2048K, 5 young (10240K), 5 survivors (10240K)
 Metaspace       used 55984K, committed 57344K, reserved 1105920K
  class space    used 7954K, committed 8576K, reserved 1048576K
}
Event: 7.853 GC heap before
{Heap before GC invocations=23 (full 0):
 garbage-first heap   total 667648K, used 211759K [0x0000000703000000, 0x0000000800000000)
  region size 2048K, 30 young (61440K), 5 survivors (10240K)
 Metaspace       used 59160K, committed 60480K, reserved 1105920K
  class space    used 8514K, committed 9152K, reserved 1048576K
}
Event: 7.858 GC heap after
{Heap after GC invocations=24 (full 0):
 garbage-first heap   total 667648K, used 163279K [0x0000000703000000, 0x0000000800000000)
  region size 2048K, 6 young (12288K), 6 survivors (12288K)
 Metaspace       used 59160K, committed 60480K, reserved 1105920K
  class space    used 8514K, committed 9152K, reserved 1048576K
}
Event: 9.630 GC heap before
{Heap before GC invocations=25 (full 0):
 garbage-first heap   total 567296K, used 490959K [0x0000000703000000, 0x0000000800000000)
  region size 2048K, 166 young (339968K), 6 survivors (12288K)
 Metaspace       used 74904K, committed 76416K, reserved 1114112K
  class space    used 11020K, committed 11712K, reserved 1048576K
}
Event: 9.641 GC heap after
{Heap after GC invocations=26 (full 0):
 garbage-first heap   total 567296K, used 185281K [0x0000000703000000, 0x0000000800000000)
  region size 2048K, 17 young (34816K), 17 survivors (34816K)
 Metaspace       used 74904K, committed 76416K, reserved 1114112K
  class space    used 11020K, committed 11712K, reserved 1048576K
}
Event: 9.648 GC heap before
{Heap before GC invocations=26 (full 0):
 garbage-first heap   total 567296K, used 187329K [0x0000000703000000, 0x0000000800000000)
  region size 2048K, 18 young (36864K), 17 survivors (34816K)
 Metaspace       used 74905K, committed 76416K, reserved 1114112K
  class space    used 11020K, committed 11712K, reserved 1048576K
}
Event: 9.655 GC heap after
{Heap after GC invocations=27 (full 0):
 garbage-first heap   total 567296K, used 185835K [0x0000000703000000, 0x0000000800000000)
  region size 2048K, 1 young (2048K), 1 survivors (2048K)
 Metaspace       used 74905K, committed 76416K, reserved 1114112K
  class space    used 11020K, committed 11712K, reserved 1048576K
}
Event: 10.446 GC heap before
{Heap before GC invocations=27 (full 0):
 garbage-first heap   total 567296K, used 429547K [0x0000000703000000, 0x0000000800000000)
  region size 2048K, 120 young (245760K), 1 survivors (2048K)
 Metaspace       used 78269K, committed 79808K, reserved 1122304K
  class space    used 11465K, committed 12160K, reserved 1048576K
}
Event: 10.452 GC heap after
{Heap after GC invocations=28 (full 0):
 garbage-first heap   total 567296K, used 200090K [0x0000000703000000, 0x0000000800000000)
  region size 2048K, 8 young (16384K), 8 survivors (16384K)
 Metaspace       used 78269K, committed 79808K, reserved 1122304K
  class space    used 11465K, committed 12160K, reserved 1048576K
}
Event: 11.426 GC heap before
{Heap before GC invocations=28 (full 0):
 garbage-first heap   total 567296K, used 441754K [0x0000000703000000, 0x0000000800000000)
  region size 2048K, 126 young (258048K), 8 survivors (16384K)
 Metaspace       used 84041K, committed 85568K, reserved 1122304K
  class space    used 12487K, committed 13184K, reserved 1048576K
}
Event: 11.432 GC heap after
{Heap after GC invocations=29 (full 0):
 garbage-first heap   total 567296K, used 202820K [0x0000000703000000, 0x0000000800000000)
  region size 2048K, 10 young (20480K), 10 survivors (20480K)
 Metaspace       used 84041K, committed 85568K, reserved 1122304K
  class space    used 12487K, committed 13184K, reserved 1048576K
}
Event: 11.637 GC heap before
{Heap before GC invocations=29 (full 0):
 garbage-first heap   total 567296K, used 450628K [0x0000000703000000, 0x0000000800000000)
  region size 2048K, 131 young (268288K), 10 survivors (20480K)
 Metaspace       used 85210K, committed 86720K, reserved 1122304K
  class space    used 12772K, committed 13440K, reserved 1048576K
}
Event: 11.644 GC heap after
{Heap after GC invocations=30 (full 0):
 garbage-first heap   total 567296K, used 217243K [0x0000000703000000, 0x0000000800000000)
  region size 2048K, 12 young (24576K), 12 survivors (24576K)
 Metaspace       used 85210K, committed 86720K, reserved 1122304K
  class space    used 12772K, committed 13440K, reserved 1048576K
}
Event: 12.134 GC heap before
{Heap before GC invocations=30 (full 0):
 garbage-first heap   total 567296K, used 458907K [0x0000000703000000, 0x0000000800000000)
  region size 2048K, 130 young (266240K), 12 survivors (24576K)
 Metaspace       used 86556K, committed 88128K, reserved 1130496K
  class space    used 12956K, committed 13632K, reserved 1048576K
}
Event: 12.140 GC heap after
{Heap after GC invocations=31 (full 0):
 garbage-first heap   total 567296K, used 215914K [0x0000000703000000, 0x0000000800000000)
  region size 2048K, 7 young (14336K), 7 survivors (14336K)
 Metaspace       used 86556K, committed 88128K, reserved 1130496K
  class space    used 12956K, committed 13632K, reserved 1048576K
}
Event: 13.641 GC heap before
{Heap before GC invocations=31 (full 0):
 garbage-first heap   total 567296K, used 463722K [0x0000000703000000, 0x0000000800000000)
  region size 2048K, 128 young (262144K), 7 survivors (14336K)
 Metaspace       used 92520K, committed 94144K, reserved 1130496K
  class space    used 13757K, committed 14528K, reserved 1048576K
}
Event: 13.652 GC heap after
{Heap after GC invocations=32 (full 0):
 garbage-first heap   total 567296K, used 255193K [0x0000000703000000, 0x0000000800000000)
  region size 2048K, 16 young (32768K), 16 survivors (32768K)
 Metaspace       used 92520K, committed 94144K, reserved 1130496K
  class space    used 13757K, committed 14528K, reserved 1048576K
}
Event: 13.838 GC heap before
{Heap before GC invocations=32 (full 0):
 garbage-first heap   total 567296K, used 441561K [0x0000000703000000, 0x0000000800000000)
  region size 2048K, 107 young (219136K), 16 survivors (32768K)
 Metaspace       used 92589K, committed 94272K, reserved 1130496K
  class space    used 13758K, committed 14528K, reserved 1048576K
}

